[   0.000000] Initialzing cgroup subsys cpuset
[    0.000000] Initializing cgroup subsys cpu
[    0.000000] Initializing cgroup subsys cpuacct
[    0.000000] Linux version 4.4.0-127-geeric (buildd@lcy01-amd64-023) (gcc ersion 5.4.0 20160609 (Ubuntu 5.4.0-6ubuntu1~16.04.9) ) #153-Ubuntu SMP Sat May 19 :58::46 UTC 2018 (Ubuntu 4.4.0-127.153-generic 4.4.128)
[    0.000000] Command line: BOOT_IMAGE=/boot/vmlinuz-4.4.0-127-generic root=LABEL=cloudimg-rootfs ro console=tty1 console=ttyS0
[    0.000000] KERNEL supported cpus:
[    0.000000]   Intel GenuineIntel
[    0.000000]   AMD AuthenticAMD
[    0.000000]   Centaur CentaurHauls
[    0.000000] x86/fpu: xstate_offset[2]:  576, xstate_sizes[2]:  256
[    0.000000] x86/fpu: Supporting XSAVE feature 0x01: 'x87 floating point registers'
[    0.000000] x86/fpu: Supporting XSAVE feature 0x02: 'SSE registers'
[    0.000000] x86/fpu: Supporting XSAVE feature 0x04: 'AVX registers'
[    0.000000] x86/fpu: Enabled xstate features 0x7, context size is 832 bytes, using 'standard' format.
[    0.000000] x86/fpu: Using 'lazy' FPU context switches.
[    0.000000] e820: BIOS-provided physical RAM map:
[    0.000000] BIOS-e820: [mem 0x0000000000000000-0x000000000009fbff] usable
[    0.000000] BIOS-e820: [mem 0x000000000009fc00-0x000000000009ffff] reserved
[    0.000000] BIOS-e820: [mem 0x00000000000f0000-0x00000000000fffff] reserved
[    0.000000] BIOS-e820: [mem 0x0000000000100000-0x00000000417effff] usable
[    0.000000] BIOS-e820: [mem 0x00000000417f0000-0x00000000417fffff] ACPI data
[    0.000000] BIOS-e820: [mem 0x00000000fec00000-0x00000000fec00fff] reserved
[    0.000000] BIOS-e820: [mem 0x00000000fee00000-0x00000000fee00fff] reserved
[    0.000000] BIOS-e820: [mem 0x00000000fffc0000-0x00000000ffffffff] reserved
[    0.000000] NX (Execute Disable) protection: active
[   0.000000] SMBIOS 2.5 present.
[    0.000000] Hypervisor detected: KVM
[    0.000000] e820: last_pfn = 0x417f0 max_arch_pfn = 0x400000000
[    0.000000] MTRR: Disabled
[    0.000000] x86/PAT: MTRRs disabled, skipping PAT initialization too.
[    0.000000] CPU MTRRs all blank - virtualized system.
[    0.000000] x86/PAT: Configuration [0-7]: WB  WT  UC- UC  WB  WT  UC- UC  
[    0.000000] found SMP MP-table at [mem 0x000fff0-0x0009ffff] mapped at [ffff88000009fff0]
[    0.000000] Scanning 1 areas for low memory corruption
[    0.000000] RAMDISK: [mem 0x36abe000-0x37556fff]
[    0.000000] ACPI: Early table checksum verification disabled
[    0.000000] ACPI: RSDP 0x00000000000E0000 000024 (v02 VBOX  )
[    0.000000] ACPI: XSDT 0x00000000417F0030 00003C (v01 VBOX   VBOXXSDT 00000001 ASL  00000061)
[   0.000000] ACPI: FACP 0x00000000417F00F0 0000F4 (v04 VBOX   VBOXFACP 00000001 ASL  00000061)
[   0.000000] ACPI: DSDT 0x00000000417F0470 0021FF (v02 VBOX   VBOXBIOS 00000002 INTL 20100528)
[  0.000000] ACPI: FACS 0x000000000417F0200 000040
[    0.000000] ACPI: FACS 0x00000000417F0200 000040
[    0.000000] ACPI: APIC 0x00000000417F0240 00005C (v02 VBOX   VBOXAPIC 00000001 ASL  00000061)
[    0.000000] ACPI: SSDT 0x00000000417F02A0 0001CC (v01 VBOX   VBOXCPUT 00000002 INTL 20100528)
[    0.000000] No NUMA configuration found
[    0.000000] Faking a node at [mem 0x0000000000000000-0x00000000417effff]
[    0.000000] NODE_DATA(0) allocated [mem 0x417eb000-0x417effff]
[   0.000000] kvm-clock: Using msrs 4b54d01 and 4b564d00
[    0.000000] km-clock: cpu 0, msr 0:417e3001, primary cpu clock
[    0.000000] kvm-clock: using sched offset of 4930081671 cycles
[    0.000000] clocksource: kvm-clock: mask: 0xffffffffffffffff max_cycles: 0x1cd42e4dffb, max_idle_ns: 881590591483 ns
[    0.000000] Zone ranges:
[    0.000000]   DMA      [mem 0x0000000000001000-0x0000000000ffffff]
[    0.000000]   DMA32    [mem 0x0000000001000000-0x00000000417effff]
[    0.000000]   Normal   empty
[    0.000000]   Device   empty
[    0.000000] Movable zone start for each node
[    0.000000] Early memory node ranges
[    0.000000]   node   0: [mem 0x0000000000001000-0x000000000009efff]
[    0.000000]   node   0: [mem 0x0000000000100000-0x00000000417effff]
[    0.000000] Initmem setup node 0 [mem 0x0000000000001000-0x00000000417effff]
[    0.000000] ACPI: PM-Timer IO Port: 0x4008
[    0.000000] IOAPIC[0]: apic_id 2, version 32, address 0xfec00000, GSI 0-23
[    0.000000] ACPI: INT_SRC_OVR (bus 0 bus_irq 0 global_irq 2 dfl dfl)
[    0.000000] ACPI: INT_SRC_OVR (bus 0 bus_irq 9 global_irq 9 low level)
[    0.000000] Using ACPI (MADT) for SMP configuration information
[    0.000000] smpboot: Allowing 2 CPUs, 0 hotplug CPUs
[    0.000000] PM: Registered nosave memory: [mem 0x00000000-0x00000fff]
[    0.000000] PM: Registered nosave memory: [mem 0x0009f000-0x0009ffff]
[    0.000000] PM: Registered nosave memory: [mem 0x000a0000-0x000effff]
[    0.000000] PM: Registered nosave memory: [mem 0x000f0000-0x000fffff]
[    0.000000] e820: [mem 0x41800000-0xfebfffff] available for PCI devices
[    0.000000] Booting paravirtualized kernel on KVM
[    0.000000] clocksource: refined-jiffies: mask: 0xffffffff max_cycles: 0xffffffff, max_idle_ns: 7645519600211568 ns
[    0.000000] setup_percpu: NR_CPUS:512 nr_cpumask_bits:512 nr_cpu_ids:2 nr_node_ids:1
[    0.000000] PERCPU: Embedded 34 pages/cpu @ffff880041400000 s99544 r8192 d31528 u1048576
[    0.000000] PV qspinlock hash table entries: 256 (order: 0, 4096 bytes)
[    0.000000] Built 1 zonelists in Node order, mobility grouping on.  Total pages: 263960
[    0.000000] Policy zone: DMA32
[    0.000000] Kernel command line: BOOT_IMAGE=/boot/vmlinuz-4.4.0-127-generic root=LABEL=cloudimg-rootfs ro console=tty1 console=ttyS0
[    0.000000] PID hash table enries: 4096 (order: 3, 32768 bytes)
[   .000000] Memory: 1024196K/1072696K available (8537K kernel code, 1313K rwdata, 4000K rodata, 1512K init, 1316K bss, 48500K reserved, 0K cma-reserved)
[   0.000000] SLUB: HWalign=64, Order=0-3, MinObjects=0, CPUs=2, Nodes=1
[    0.000000] Kernel/User page tables isolation: enabled
[   0.000000] Hierarchical RCU implementation.
[    0.000000] 	Build-time adjustment of leaf fanout to 64.
[    0.000000] 	RCU restricting CPUs from NR_CPUS=512 to nr_cpu_ids=2.
[    0.000000] RCU: Adjusting geometr for rcu_fanout_leaf=64, nr_cpu_ids=2
[   0.00000] NR_IRQS:33024 nr_irqs:440 16
[   0.00000] Console: colour VGA+ 80x5
[    0.000000] console [tty1] enabled
[    0.000000] console [ttyS0] enabled
[   0.000000] tsc: Detected 2904.000 MHz processor
[    1.609487] Calibrating delay loop (skipped) preset value.. 5808.00 BogoMIPS (lpj=11616000)
[    1.618147] pid_max: default: 32768 minimum: 301
[    1.620336] ACPI: Core revision 20150930
[    1.624230] ACPI: 2 ACPI AML tables successfully acquired and loaded
[    1.630336] Security Framework initialized
[    1.639554] Yama: becoming mindful.
[    1.657218] AppArmor: AppArmor initialized
[    1.674244] Dentry cache hash table entries: 262144 (order: 9, 2097152 bytes)
[    1.688207] Inode-cache hash table entries: 131072 (order: 8, 1048576 bytes)
[    1.698026] Mount-cache hash table entries: 4096 (order: 3, 32768 bytes)
[    1.704892] Mountpoint-cache hash table entries: 4096 (order: 3, 32768 bytes)
[    1.708391] Initializing cgroup subsys io
[    1.717709] Initializing cgroup subsys memory
[    1.726472] Initializing cgroup subsys devices
[    1.742083] Initializing cgroup subsys freezer
[    1.744199] Initializing cgroup subsys net_cls
[    1.746320] Initializing cgroup subsys perf_event
[    1.748933] Initializing cgroup subsys net_prio
[    1.751393] Initializing cgroup subsys hugetlb
[    1.753465] Initializing cgroup subsys pids
[    1.755530] CPU: Physical Processor ID: 0
[    1.757646] CPU: Processor Core ID: 0
[    1.761445] mce: CPU supports 0 MCE banks
[    1.763870] Last level iTLB entries: 4KB 64, 2MB 8, 4MB 8
[    1.766606] Last level dTLB entries: 4KB 64, 2MB 0, 4MB 0, 1GB 4
[    1.769666] Spectre V2 : Mitigation: Full generic retpoline
[    1.792704] Spectre V2 : Speculation control IBPB not-supported IBRS not-supported
[    1.804728] Spectre V2 : Filling RSB on context switch
[    1.811723] Speculative Store Bypass: Vulnerable
[    1.818413] Freeing SMP alternatives memory: 32K
[    1.838121] ftrace: allocating 32237 entries in 126 pages
[    1.960078] smpboot: APIC(0) Converting physical 0 to logical package 0
[    1.972304] smpboot: Max logical packages: 1
[    1.975093] x2apic enabled
[    1.984098] Switched APIC routing to physical x2apic.
[    1.995607] ..TIMER: vector=0x30 apic1=0 pin1=2 apic2=-1 pin2=-1
[    2.106092] smpboot: CPU0: Intel(R) Core(TM) i7-7500U CPU @ 2.70GHz (family: 0x6, model: 0x8e, stepping: 0x9)
[    2.119887] Performance Events: unsupported p6 CPU model 142 no PMU driver, software events only.
[    2.129383] KVM setup paravirtual spinlock
[    2.146472] x86: Booting SMP configuration:
[    2.148779] .... node  #0, CPUs:      #1
[    2.151231] kvm-clock: cpu 1, msr 0:417e3041, secondary cpu clock
[    2.155672] mce: CPU supports 0 MCE banks
[    2.159300] x86: Booted up 1 node, 2 CPUs
[    2.162011] smpboot: Total of 2 processors activated (11616.00 BogoMIPS)
[    2.166471] devtmpfs: initialized
[    2.173324] evm: security.selinux
[    2.175332] evm: security.SMACK64
[    2.177192] evm: security.SMACK64EXEC
[    2.195022] evm: security.SMACK64TRANSMUTE
[    2.196888] evm: security.SMACK64MMAP
[    2.198641] evm: security.ima
[    2.200148] evm: security.capability
[    2.202059] clocksource: jiffies: mask: 0xffffffff max_cycles: 0xffffffff, max_idle_ns: 7645041785100000 ns
[    2.206658] futex hash table entries: 512 (order: 3, 32768 bytes)
[    2.209764] pinctrl core: initialized pinctrl subsystem
[    2.212419] RTC time:  7:36:50, date: 06/17/18
[    2.221461] NET: Registered protocol family 16
[    2.234716] cpuidle: using governor ladder
[    2.246885] cpuidle: using governor menu
[    2.268592] PCCT header not found.
[    2.277669] ACPI: bus type PCI registered
[    2.292171] acpiphp: ACPI Hot Plug PCI Controller Driver version: 0.5
[    2.308015] PCI: Using configuration type 1 for base access
[    2.332769] ACPI: Added _OSI(Module Device)
[    2.334925] ACPI: Added _OSI(Processor Device)
[    2.342483] ACPI: Added _OSI(3.0 _SCP Extensions)
[    2.352517] ACPI: Added _OSI(Processor Aggregator Device)
[    2.356141] ACPI: Executed 1 blocks of module-level executable AML code
[    2.363321] ACPI: Interpreter enabled
[    2.365124] ACPI: (supports S0 S5)
[    2.373374] ACPI: Using IOAPIC for interrupt routing
[    2.383323] PCI: Using host bridge windows from ACPI; if necessary, use "pci=nocrs" and report a bug
[    2.395622] ACPI: PCI Root Bridge [PCI0] (domain 0000 [bus 00-ff])
[    2.398397] acpi PNP0A03:00: _OSC: OS supports [ASPM ClockPM Segments MSI]
[    2.430111] acpi PNP0A03:00: _OSC: not requesting OS control; OS requires [ExtendedConfig ASPM ClockPM MSI]
[    2.473101] acpi PNP0A03:00: fail to add MMCONFIG information, can't access extended PCI configuration space under this bridge.
[    2.539123] PCI host bridge to bus 0000:00
[    2.550608] pci_bus 0000:00: root bus resource [io  0x0000-0x0cf7 window]
[    2.574474] pci_bus 0000:00: root bus resource [io  0x0d00-0xffff window]
[    2.594364] pci_bus 0000:00: root bus resource [mem 0x000a0000-0x000bffff window]
[    2.623397] pci_bus 0000:00: root bus resource [mem 0x41800000-0xfdffffff window]
[    2.674082] pci_bus 0000:00: root bus resource [bus 00-ff]
[    2.699636] pci 0000:00:01.1: legacy IDE quirk: reg 0x10: [io  0x01f0-0x01f7]
[    2.732493] pci 0000:00:01.1: legacy IDE quirk: reg 0x14: [io  0x03f6]
[    2.786808] pci 0000:00:01.1: legacy IDE quirk: reg 0x18: [io  0x0170-0x0177]
[    2.814828] pci 0000:00:01.1: legacy IDE quirk: reg 0x1c: [io  0x0376]
[    2.861039] pci 0000:00:07.0: quirk: [io  0x4000-0x403f] claimed by PIIX4 ACPI
[    2.871843] pci 0000:00:07.0: quirk: [io  0x4100-0x410f] claimed by PIIX4 SMB
[    2.896025] ACPI: PCI Interrupt Link [LNKA] (IRQs 5 9 10 *11)
[    2.937407] ACPI: PCI Interrupt Link [LNKB] (IRQs 5 9 *10 11)
[    2.957143] ACPI: PCI Interrupt Link [LNKC] (IRQs 5 *9 10 11)
[    2.989928] ACPI: PCI Interrupt Link [LNKD] (IRQs 5 9 10 *11)
[    3.016286] ACPI: Enabled 2 GPEs in block 00 to 07
[    3.043142] vgaarb: setting as boot device: PCI:0000:00:02.0
[    3.110130] vgaarb: device added: PCI:0000:00:02.0,decodes=io+mem,owns=io+mem,locks=none
[    3.142497] vgaarb: loaded
[    3.158785] vgaarb: bridge control possible 0000:00:02.0
[    3.175628] SCSI subsystem initialized
[    3.180884] ACPI: bus type USB registered
[    3.183236] usbcore: registered new interface driver usbfs
[    3.186567] usbcore: registered new interface driver hub
[    3.189733] usbcore: registered new device driver usb
[    3.194558] PCI: Using ACPI for IRQ routing
[    3.197846] NetLabel: Initializing
[    3.205825] NetLabel:  domain hash size = 128
[    3.208229] NetLabel:  protocols = UNLABELED CIPSOv4
[    3.210695] NetLabel:  unlabeled traffic allowed by default
[    3.214559] amd_nb: Cannot enumerate AMD northbridges
[    3.217326] clocksource: Switched to clocksource kvm-clock
[    3.246181] AppArmor: AppArmor Filesystem Enabled
[    3.249229] pnp: PnP ACPI init
[    3.253671] pnp: PnP ACPI: found 3 devices
[    3.279354] clocksource: acpi_pm: mask: 0xffffff max_cycles: 0xffffff, max_idle_ns: 2085701024 ns
[    3.283922] NET: Registered protocol family 2
[    3.286458] TCP established hash table entries: 16384 (order: 5, 131072 bytes)
[    3.290484] TCP bind hash table entries: 16384 (order: 6, 262144 bytes)
[    3.293496] TCP: Hash tables configured (established 16384 bind 16384)
[    3.297222] UDP hash table entries: 1024 (order: 3,2768 bytes)
[    3.379165] UDP-Lite hash table entries: 1024 (order: 3, 32768 bytes)
[    3.381938] NET: Registered protocol family 1
[    3.384051] pci 0000:00:00.0: Limiting direct PCI/PCI transfers
[    3.386763] pci 0000:00:01.0: Activating ISA DMA hang workarounds
[    3.389300] Unpacking initramfs...

[    7341770] Freeing initrd memory: 10852K
[    7.388491] platform rtc_cmos: registered platform RTC device (no PNP device found)
[    7.392411] Scanning for low memory corruption every 60 seconds

[    7.396222] audit: initializing netlink subsys (disabled)
[    7.404715] audit: type=2000 audit(1529221018.891:1): initialized
[    7.422848] Initialise system trusted keyring
[    7.437929] HugeTLB registered 2 MB page size, pre-allocated 0 pages
[    7.477787] zbud: loaded
[    7.504474] VFS: Disk quotas dquot_6.6.0
[    7.515944] VFS: Dquot-cache hash table entries: 512 (order 0, 4096 bytes)
[    7.555132] squashfs: version 4.0 (2009/01/31) Phillip Lougher
[    7.585883] fuse init (API version 7.23)
[    7.633441] Key type big_key registered
[    7.660449] Allocating IMA MOK and blacklist keyrings.
[    7.696014] Key type asymmetric registered
[    7.734307] Asymmetric key parser 'x509' registered
[    7.767367] Block layer SCSI generic (bsg) driver version 0.4 loaded (major 249)
[    7.775047] io scheduler noop registered
[    7.791080] io scheduler deadline registered (default)
[    7.794473] io scheduler cfq registered
[    7.797101] pci_hotplug: PCI Hot Plug PCI Core version: 0.5
[    7.800160] pciehp: PCI Express Hot Plug Controller Driver version: 0.4
[    7.804249] ACPI: AC Adapter [AC] (off-line)
[    7.816266] input: Power Button as /devices/LNXSYSTM:00/LNXPWRBN:00/input/input0
[    7.820667] ACPI: Power Button [PWRF]
[    7.822945] input: Sleep Button as /devices/LNXSYSTM:00/LNXSLPBN:00/input/input1
[    7.836141] ACPI: Sleep Button [SLPF]
[    7.841087] ACPI: Battery Slot [BAT0] (battery present)
[    7.844124] GHES: HEST is not enabled!
[    7.846707] Serial: 8250/16550 driver, 32 ports, IRQ sharing enabled
[    7.875456] 00:02: ttyS0 at I/O 0x3f8 (irq = 4, base_baud = 115200) is a 16550A
[    7.885133] Linux agpgart interface v0.103
[    7.892064] loop: module loaded
[    7.895229] scsi host0: ata_piix
[    7.897581] scsi host1: ata_piix
[    7.899427] ata1: PATA max UDMA/33 cmd 0x1f0 ctl 0x3f6 bmdma 0xd000 irq 14
[    7.902511] ata2: PATA max UDMA/33 cmd 0x170 ctl 0x376 bmdma 0xd008 irq 15
[    7.906393] libphy: Fixed MDIO Bus: probed
[    7.908876] tun: Universal TUN/TAP device driver, 1.6
[    7.913213] tun: (C) 1999-2004 Max Krasnyansky <maxk@qualcomm.com>
[    7.916220] PPP generic driver version 2.4.2
[    7.922825] ehci_hcd: USB 2.0 'Enhanced' Host Controller (EHCI) Driver
[    7.926208] ehci-pci: EHCI PCI platform driver
[    7.928479] ehci-platform: EHCI generic platform driver
[    7.931215] ohci_hcd: USB 1.1 'Open' Host Controller (OHCI) Driver
[    7.934248] ohci-pci: OHCI PCI platform driver
[    7.936633] ohci-platform: OHCI generic platform driver
[    7.939532] uhci_hcd: USB Universal Host Controller Interface driver
[    7.942925] i8042: PNP: PS/2 Controller [PNP0303:PS2K,PNP0f03:PS2M] at 0x60,0x64 irq 1,12
[    7.947909] serio: i8042 KBD port at 0x60,0x64 irq 1
[    7.949971] serio: i8042 AUX port at 0x60,0x64 irq 12
[    7.952273] mousedev: PS/2 mouse device common for all mice
[    7.955477] input: AT Translated Set 2 keyboard as /devices/platform/i8042/serio0/input/input2
[    7.959300] rtc_cmos rtc_cmos: rtc core: registered rtc_cmos as rtc0
[    7.961825] rtc_cmos rtc_cmos: alarms up to one day, 114 bytes nvram
[    7.964577] i2c /dev entries driver
[    7.966590] device-mapper: uevent: version 1.0.3
[    7.969558] device-mapper: ioctl: 4.34.0-ioctl (2015-10-28) initialised: dm-devel@redhat.com
[    7.973308] ledtrig-cpu: registered to indicate activity on CPUs
[    7.976527] NET: Registered protocol family 10
[    7.979087] NET: Registered protocol family 17
[    7.980986] Key type dns_resolver registered
[    7.983705] registered taskstats version 1
[    7.985558] Loading compiled-in X.509 certificates
[    7.988645] Loaded X.509 cert 'Build time autogenerated kernel key: 9f6f572a3ee0cb468eb8db4aa61815bc74ef6adb'
[    7.993412] zswap: loaded using pool lzo/zbud
[    7.999382] Key type trusted registered
[    8.007532] Key type encrypted registered
[    8.009284] AppArmor: AppArmor sha1 policy hashing enabled
[    8.011508] ima: No TPM chip found, activating TPM-bypass!
[    8.013761] evm: HMAC attrs: 0x1
[    8.015897]   Magic number: 6:598:622
[    8.017808] rtc_cmos rtc_cmos: setting system clock to 2018-06-17 07:36:55 UTC (1529221015)
[    8.021781] BIOS EDD facility v0.16 2004-Jun-25, 0 devices found
[    8.024056] EDD information not available.
[    8.064183] Freeing unused kernel memory: 1512K
[    8.066152] Write protecting the kernel read-only data: 14336k
[    8.490488] tsc: Refined TSC clocksource calibration: 2905.232 MHz
[    9.065726] clocksource: tsc: mask: 0xffffffffffffffff max_cycles: 0x29e0918a9f1, max_idle_ns: 440795214488 ns
[    9.084562] Freeing unused kernel memory: 1692K
[    9.094109] Freeing unused kernel memory: 96K
Loading, please wait...
starting version 229
[    9.123411] random: systemd-udevd: uninitialized urandom read (16 bytes read, 7 bits of entropy available)
[    9.124879] random: udevadm: uninitialized urandom read (16 bytes read, 7 bits of entropy available)
[    9.124927] random: udevadm: uninitialized urandom read (16 bytes read, 7 bits of entropy available)
[    9.138370] random: systemd-udevd: uninitialized urandom read (16 bytes read, 7 bits of entropy available)
[    9.141966] random: udevadm: uninitialized urandom read (16 bytes read, 7 bits of entropy available)
[    9.142048] random: udevadm: uninitialized urandom read (16 bytes read, 7 bits of entropy available)
[    9.142297] random: udevadm: uninitialized urandom read (16 bytes read, 7 bits of entropy available)
[    9.142437] random: udevadm: uninitialized urandom read (16 bytes read, 7 bits of entropy available)
[    9.142528] random: udevadm: uninitialized urandom read (16 bytes read, 7 bits of entropy available)
[    9.142616] random: udevadm: uninitialized urandom read (16 bytes read, 7 bits of entropy available)
[    9.244921] e1000: Intel(R) PRO/1000 Network Driver - version 7.3.21-k8-NAPI
[    9.248845] e1000: Copyright (c) 1999-2006 Intel Corporation.
[    9.260421] Fusion MPT base driver 3.04.20
[    9.272813] Copyright (c) 1999-2008 LSI Corporation
[    9.300972] Fusion MPT SPI Host driver 3.04.20
[    9.323538] AVX2 version of gcm_enc/dec engaged.
[    9.326236] AES CTR mode by8 optimization enabled
[    9.461049] input: ImExPS/2 Generic Explorer Mouse as /devices/platform/i8042/serio1/input/input4
[    9.734531] e1000 0000:00:03.0 eth0: (PCI:33MHz:32-bit) 02:de:8a:5b:94:29
[    9.737784] e1000 0000:00:03.0 eth0: Intel(R) PRO/1000 Network Connection
[    9.751844] mptbase: ioc0: Initiating bringup
[    9.818211] ioc0: LSI53C1030 A0: Capabilities={Initiator}
[    9.985772] scsi host2: ioc0: LSI53C1030 A0, FwRev=00000000h, Ports=1, MaxQ=256, IRQ=20
[   10.105202] scsi 2:0:0:0: Direct-Access     VBOX     HARDDISK         1.0  PQ: 0 ANSI: 5
[   10.109713] scsi target2:0:0: Beginning Domain Validation
[   10.114142] scsi target2:0:0: Domain Validation skipping write tests
[   10.117224] scsi target2:0:0: Ending Domain Validation
[   10.120048] scsi target2:0:0: asynchronous
[   10.123214] scsi 2:0:1:0: Direct-Access     VBOX     HARDDISK         1.0  PQ: 0 ANSI: 5
[   10.127435] scsi target2:0:1: Beginning Domain Validation
[   10.132342] scsi target2:0:1: Domain Validation skipping write tests
[   10.164899] scsi target2:0:1: Ending Domain Validation
[   10.167964] scsi target2:0:1: asynchronous
[   10.195663] sd 2:0:0:0: Attached scsi generic sg0 type 0
[   10.200557] sd 2:0:1:0: [sdb] 20480 512-byte logical blocks: (10.5 MB/10.0 MiB)
[   10.205359] sd 2:0:1:0: Attached scsi generic sg1 type 0
[   10.209310] sd 2:0:0:0: [sda] 20971520 512-byte logical blocks: (10.7 GB/10.0 GiB)
[   10.224451] sd 2:0:1:0: [sdb] Write Protect is off
[   10.229202] sd 2:0:1:0: [sdb] Incomplete mode parameter data
[   10.234664] sd 2:0:1:0: [sdb] Assuming drive cache: write through
[   10.237934] sd 2:0:0:0: [sda] Write Protect is off
[   10.247176] sd 2:0:0:0: [sda] Incomplete mode parameter data
[   10.250104] sd 2:0:0:0: [sda] Assuming drive cache: write through
[   10.302129]  sda: sda1
[   10.305612] sd 2:0:1:0: [sdb] Attached SCSI disk
[   10.308885] sd 2:0:0:0: [sda] Attached SCSI disk
[   10.566119] e1000 0000:00:08.0 eth1: (PCI:33MHz:32-bit) 08:00:27:fe:34:c3
[   10.602548] e1000 0000:00:08.0 eth1: Intel(R) PRO/1000 Network Connection
[   10.653994] e1000 0000:00:03.0 enp0s3: renamed from eth0
[   10.705009] e1000 0000:00:08.0 enp0s8: renamed from eth1
Begin: Loading essential drivers ... [   12.404969] md: linear personality registered for level -1
[   12.413489] md: multipath personality registered for level -4
[   12.432222] md: raid0 personality registered for level 0
[   12.463376] md: raid1 personality registered for level 1
[   12.561570] raid6: sse2x1   gen()  1857 MB/s
[   12.629894] raid6: sse2x1   xor()  1868 MB/s
[   12.697483] raid6: sse2x2   gen()  2143 MB/s
[   12.774074] raid6: sse2x2   xor()   682 MB/s
[   12.858624] raid6: sse2x4   gen()   824 MB/s
[   12.937445] raid6: sse2x4   xor()  2306 MB/s
[   13.016769] raid6: avx2x1   gen()  5062 MB/s
[   13.089641] raid6: avx2x2   gen()  5669 MB/s
[   13.169585] raid6: avx2x4   gen()  8775 MB/s
[   13.172782] raid6: using algorithm avx2x4 gen() 8775 MB/s
[   13.175971] raid6: using avx2x2 recovery algorithm
[   13.181894] xor: automatically using best checksumming function:
[   13.234468]    avx       :  8539.000 MB/sec
[   13.239952] async_tx: api initialized (async)
[   13.265288] md: raid6 personality registered for level 6
[   13.268990] md: raid5 personality registered for level 5
[   13.286198] md: raid4 personality registered for level 4
[   13.306778] md: raid10 personality registered for level 10
done.
Begin: Running /scripts/init-premount ... done.
Begin: Mounting root file system ... Begin: Running /scripts/local-top ... done.
Begin: Running /scripts/local-premount ... [   13.390411] Btrfs loaded
Scanning for Btrfs filesystems
done.
Warning: fsck not present, so skipping root file system
[   13.512011] EXT4-fs (sda1): mounted filesystem with ordered data mode. Opts: (null)
done.
Begin: Running /scripts/local-bottom ... done.
Begin: Running /scripts/init-bottom ... done.
[   14.350673] systemd[1]: systemd 229 running in system mode. (+PAM +AUDIT +SELINUX +IMA +APPARMOR +SMACK +SYSVINIT +UTMP +LIBCRYPTSETUP +GCRYPT +GNUTLS +ACL +XZ -LZ4 +SECCOMP +BLKID +ELFUTILS +KMOD -IDN)
[   14.462938] systemd[1]: Detected virtualization oracle.
[   14.501654] systemd[1]: Detected architecture x86-64.
[   14.564228] random: nonblocking pool is initialized

Welcome to [1mUbuntu 16.04.4 LTS[0m!

[   14.679983] systemd[1]: Set hostname to <node2>.
[   16.057740] systemd[1]: Reached target User and Group Name Lookups.
[[0;32m  OK  [0m] Reached target User and Group Name Lookups.
[   16.063349] systemd[1]: Listening on LVM2 poll daemon socket.
[[0;32m  OK  [0m] Listening on LVM2 poll daemon socket.
[   16.170556] systemd[1]: Listening on Device-mapper event daemon FIFOs.
[[0;32m  OK  [0m] Listening on Device-mapper event daemon FIFOs.
[   16.177199] systemd[1]: Started Forward Password Requests to Wall Directory Watch.
[[0;32m  OK  [0m] Started Forward Password Requests to Wall Directory Watch.
[   16.185106] systemd[1]: Listening on Journal Audit Socket.
[[0;32m  OK  [0m] Listening on Journal Audit Socket.
[   16.196522] systemd[1]: Set up automount Arbitrary Executable File Formats File System Automount Point.
[[0;32m  OK  [0m] Set up automount Arbitrary Executab...ats File System Automount Point.
[   16.221439] systemd[1]: Listening on Journal Socket.
[[0;32m  OK  [0m] Listening on Journal Socket.
[   16.250506] systemd[1]: Listening on /dev/initctl Compatibility Named Pipe.
[[0;32m  OK  [0m] Listening on /dev/initctl Compatibility Named Pipe.
[   16.258025] systemd[1]: Listening on Journal Socket (/dev/log).
[[0;32m  OK  [0m] Listening on Journal Socket (/dev/log).
[   16.264697] systemd[1]: Started Trigger resolvconf update for networkd DNS.
[[0;32m  OK  [0m] Started Trigger resolvconf update for networkd DNS.
[   16.275398] systemd[1]: Reached target Encrypted Volumes.
[[0;32m  OK  [0m] Reached target Encrypted Volumes.
[   16.283497] systemd[1]: Listening on udev Control Socket.
[[0;32m  OK  [0m] Listening on udev Control Socket.
[   16.304799] systemd[1]: Reached target Swap.
[[0;32m  OK  [0m] Reached target Swap.
[   16.309299] systemd[1]: Listening on Syslog Socket.
[[0;32m  OK  [0m] Listening on Syslog Socket.
[   16.313691] systemd[1]: Listening on LVM2 metadata daemon socket.
[[0;32m  OK  [0m] Listening on LVM2 metadata daemon socket.
[   16.320093] systemd[1]: Created slice System Slice.
[[0;32m  OK  [0m] Created slice System Slice.
[   16.369779] systemd[1]: Starting Remount Root and Kernel File Systems...
         Starting Remount Root and Kernel File Systems...
[   16.426083] systemd[1]: Mounting POSIX Message Queue File System...
         Mounting POSIX Message Queue File Syste[   16.479212] EXT4-fs (sda1): re-mounted. Opts: (null)
m...
[   16.549976] systemd[1]: Starting Uncomplicated firewall...
         Starting Uncomplicated firewall...
[   16.757680] systemd[1]: Starting Load Kernel Modules...
         Starting Load Kernel Modules...
[   16.843020] systemd[1]: Starting Set console keymap...
[   16.847819] Loading iSCSI transport class v2.0-870.
         Starting Set console keymap...
[   16.891439] iscsi: registered transport (tcp)
[   16.930048] systemd[1]: Starting Journal Service...
         Starting Journal Service...
[   16.978667] systemd[1]: Starting Create list of required static device nodes for the current kernel...
         Starting Create list of required st... nodes for the current kernel...
[   17.125880] systemd[1]: Mounting Huge Pages File System...
         Mounting Huge Pages File System...
[   17.165401] systemd[1]: Starting Nameserver information manager...
         Starting Nameserver information manager...
[   17.180007] systemd[1]: Reached target System Time Synchronized.
[[0;32m  OK  [0m] Reached target System Time Synchronized.
[   17.245612] iscsi: registered transport (iser)
[   17.274302] systemd[1]: Mounting Debug File System...
         Mounting Debug File System...
[   17.306629] systemd[1]: Created slice system-serial\x2dgetty.slice.
[[0;32m  OK  [0m] Created slice system-serial\x2dgetty.slice.
[   17.320634] systemd[1]: Starting Monitoring of LVM2 mirrors, snapshots etc. using dmeventd or progress polling...
         Starting Monitoring of LVM2 mirrors... dmeventd or progress polling...
[   17.330974] systemd[1]: Listening on udev Kernel Socket.
[[0;32m  OK  [0m] Listening on udev Kernel Socket.
[   17.338427] systemd[1]: Created slice User and Session Slice.
[[0;32m  OK  [0m] Created slice User and Session Slice.
[   17.346401] systemd[1]: Reached target Slices.
[[0;32m  OK  [0m] Reached target Slices.
[   17.395921] systemd[1]: Mounted POSIX Message Queue File System.
[[0;32m  OK  [0m] Mounted POSIX Message Queue File System.
[   17.410484] systemd[1]: Mounted Huge Pages File System.
[[0;32m  OK  [0m] Mounted Huge Pages File System.
[   17.424828] systemd[1]: Mounted Debug File System.
[[0;32m  OK  [0m] Mounted Debug File System.
[   17.431880] systemd[1]: Started Journal Service.
[[0;32m  OK  [0m] Started Journal Service.
[[0;32m  OK  [0m] Started Remount Root and Kernel File Systems.
[[0;32m  OK  [0m] Started Uncomplicated firewall.
[[0;32m  OK  [0m] Started Load Kernel Modules.
[[0;32m  OK  [0m] Started Set console keymap.
[[0;32m  OK  [0m] Started Create list of required sta...ce nodes for the current kernel.
[[0;32m  OK  [0m] Started Nameserver information manager.
[[0;32m  OK  [0m] Started LVM2 metadata daemon.
         Starting Create Static Device Nodes in /dev...
         Starting Apply Kernel Variables...
         Mounting FUSE Control File System...
         Starting Load/Save Random Seed...
         Starting udev Coldplug all Devices...
         Starting Flush Journal to Persistent Storage...
[[0;32m  OK  [0m] Mounted FUSE Control File System.
[[0;32m  OK  [0m] Started Apply Kernel Variables.
[[0;32m  OK  [0m] Started Load/Save Random Seed.
[[0;32m  OK  [0m] Started udev Coldplug all Devices.
[[0;32m  OK  [0m] Started Flush Journal to Persistent Storage.
[[0;32m  OK  [0m] Started Create Static Device Nodes in /dev.
[[0;32m  OK  [0m] Started Monitoring of LVM2 mirrors,...ng dmeventd or progress polling.
         Starting udev Kernel Device Manager...
[[0;32m  OK  [0m] Started udev Kernel Device Manager.
[[0;32m  OK  [0m] Reached target Local File Systems (Pre).
[[0;32m  OK  [0m] Reached target Local File Systems.
         Starting Tell Plymouth To Write Out Runtime Data...
         Starting LSB: AppArmor initialization...
         Starting Set console font and keymap...
         Starting Initial cloud-init job (pre-networking)...
         Starting Create Volatile Files and Directories...
[[0;32m  OK  [0m] Started Dispatch Password Requests to Console Directory Watch.
[[0;32m  OK  [0m] Started Tell Plymouth To Write Out Runtime Data.
[[0;32m  OK  [0m] Found device /dev/ttyS0.
[[0;32m  OK  [0m] Found device 82540EM Gigabit Ethern...r (PRO/1000 MT Desktop Adapter).
[[0;32m  OK  [0m] Found device 82540EM Gigabit Ethern...r (PRO/1000 MT Desktop Adapter).
[[0;32m  OK  [0m] Started Create Volatile Files and Directories.
[[0;32m  OK  [0m] Listening on Load/Save RF Kill Switch Status /dev/rfkill Watch.
         Starting Update UTMP about System Boot/Shutdown...
[[0;32m  OK  [0m] Started Update UTMP about System Boot/Shutdown.
[[0;32m  OK  [0m] Started Set console font and keymap.
[[0;32m  OK  [0m] Created slice system-getty.slice.
[[0;32m  OK  [0m] Started LSB: AppArmor initialization.
[   23.238501] cloud-init[485]: Cloud-init v. 18.2 running 'init-local' at Sun, 17 Jun 2018 07:37:12 +0000. Up 22.33 seconds.
[[0;32m  OK  [0m] Started Initial cloud-init job (pre-networking).
[[0;32m  OK  [0m] Reached target Network (Pre).
         Starting Raise network interfaces...
[[0;32m  OK  [0m] Started ifup for enp0s3.
[[0;32m  OK  [0m] Started ifup for enp0s8.
[[0;32m  OK  [0m] Started Raise network interfaces.
[[0;32m  OK  [0m] Reached target Network.
         Starting Initial cloud-init job (metadata service crawler)...
[   25.453054] cloud-init[1090]: Cloud-init v. 18.2 running 'init' at Sun, 17 Jun 2018 07:37:14 +0000. Up 24.48 seconds.
[   25.485789] cloud-init[1090]: ci-info: ++++++++++++++++++++++++++++++++++++++Net device info++++++++++++++++++++++++++++++++++++++
[   25.491187] cloud-init[1090]: ci-info: +--------+------+-----------------------------+---------------+-------+-------------------+
[   25.573577] cloud-init[1090]: ci-info: | Device |  Up  |           Address           |      Mask     | Scope |     Hw-Address    |
[   25.574311] cloud-init[1090]: ci-info: +--------+------+-----------------------------+---------------+-------+-------------------+
[   25.575474] cloud-init[1090]: ci-info: | enp0s3 | True |          10.0.2.15          | 255.255.255.0 |   .   | 02:de:8a:5b:94:29 |
[   25.577565] cloud-init[1090]: ci-info: | enp0s3 | True |  fe80::de:8aff:fe5b:9429/64 |       .       |  link | 02:de:8a:5b:94:29 |
[[0;32m  OK  [0m] Started Initial cloud-init job (metadata service crawler).
[   25.578671] cloud-init[1090]: ci-info: | enp0s8 | True |        192.168.33.201       | 255.255.255.0 |   .   | 08:00:27:fe:34:c3 |
[   25.761300] cloud-init[1090]: ci-info: | enp0s8 | True | fe80::a00:27ff:fefe:34c3/64 |       .       |  link | 08:00:27:fe:34:c3 |
[   25.762049] cloud-init[1090]: ci-info: |   lo   | True |          127.0.0.1          |   255.0.0.0   |   .   |         .         |
[[0;32m  OK  [0m] Reached target Cloud-config availability.
[   25.762725] cloud-init[1090]: ci-info: |   lo   | True |           ::1/128           |       .       |  host |         .         |
[   25.801277] cloud-init[1090]: ci-info: +--------+------+-----------------------------+---------------+-------+-------------------+
[   25.801736] cloud-init[1090]: ci-info: ++++++++++++++++++++++++++++Route IPv4 info++++++++++++++++++++++++++++
[   25.802647] cloud-init[1090]: ci-info: +-------+--------------+----------+---------------+-----------+-------+
[   25.803555] cloud-init[1090]: ci-info: | Route | Destination  | Gateway  |    Genmask    | Interface | Flags |
[   25.804975] cloud-init[1090]: ci-info: +-------+--------------+----------+---------------+-----------+-------+
[   25.805484] cloud-init[1090]: ci-info: |   0   |   0.0.0.0    | 10.0.2.2 |    0.0.0.0    |   enp0s3  |   UG  |
[   25.806553] cloud-init[1090]: ci-info: |   1   |   10.0.2.0   | 0.0.0.0  | 255.255.255.0 |   enp0s3  |   U   |
[   25.807547] cloud-init[1090]: ci-info: |   2   | 192.168.33.0 | 0.0.0.0  | 255.255.255.0 |   enp0s8  |   U   |
[   25.809891] cloud-init[1090]: ci-info: +-------+--------------+----------+---------------+-----------+-------+
[[0;32m  OK  [0m] Reached target System Initialization.
[[0;32m  OK  [0m] Started ACPI Events Check.
[[0;32m  OK  [0m] Reached target Paths.
[[0;32m  OK  [0m] Listening on UUID daemon activation socket.
[[0;32m  OK  [0m] Started Daily apt download activities.
         Starting Socket activation for snappy daemon.
[[0;32m  OK  [0m] Listening on D-Bus System Message Bus Socket.
[[0;32m  OK  [0m] Started Daily Cleanup of Temporary Directories.
[[0;32m  OK  [0m] Listening on ACPID Listen Socket.
         Starting Docker Socket for the API.
[[0;32m  OK  [0m] Started Daily apt upgrade and clean activities.
[[0;32m  OK  [0m] Reached target Timers.
         Starting LXD - unix socket.
[[0;32m  OK  [0m] Reached target Network is Online.
         Starting iSCSI initiator daemon (iscsid)...
[[0;32m  OK  [0m] Listening on Socket activation for snappy daemon.
[[0;32m  OK  [0m] Listening on Docker Socket for the API.
[[0;32m  OK  [0m] Listening on LXD - unix socket.
[[0;32m  OK  [0m] Reached target Sockets.
[[0;32m  OK  [0m] Reached target Basic System.
[[0;32m  OK  [0m] Started Unattended Upgrades Shutdown.
[[0;32m  OK  [0m] Started Deferred execution scheduler.
         Starting Login Service...
[[0;32m  OK  [0m] Started FUSE filesystem for LXC.
         Starting Virtualbox guest utils...
         Starting Apply the settings specified in cloud-config...
         Starting LSB: MD monitoring daemon...
         Starting /etc/rc.local Compatibility...
         Starting Accounts Service...
[[0;32m  OK  [0m] Started D-Bus System Message Bus.
         Starting LXD - container startup/shutdown...
         Starting System Logging Service...
[[0;32m  OK  [0m] Started Regular background program processing daemon.
[[0;32m  OK  [0m] Started ACPI event daemon.
         Starting OpenBSD Secure Shell server...
         Starting LSB: Record successful boot for GRUB...
         Starting Docker Application Container Engine...
         Starting Snappy daemon...
[[0;32m  OK  [0m] Started /etc/rc.local Compatibility.
[[0;32m  OK  [0m] Started System Logging Service.
[   27.738553] cloud-init[1152]: Cloud-init v. 18.2 running 'modules:config' at Sun, 17 Jun 2018 07:37:17 +0000. Up 27.04 seconds.
[[0;32m  OK  [0m] Started iSCSI initiator daemon (iscsid).
[[0;32m  OK  [0m] Started Login Service.
         Starting Login to default iSCSI targets...
         Starting Authenticate and Authorize Users to Run Privileged Tasks...
[[0;32m  OK  [0m] Started Apply the settings specified in cloud-config.
[[0;32m  OK  [0m] Started LSB: Record successful boot for GRUB.
[[0;32m  OK  [0m] Started LSB: MD monitoring daemon.
[[0;32m  OK  [0m] Started Login to default iSCSI targets.
[[0;32m  OK  [0m] Reached target Remote File Systems (Pre).
[[0;32m  OK  [0m] Reached target Remote File Systems.
         Starting LSB: automatic crash report generation...
         Starting LSB: Set up cgroupfs mounts....
         Starting LSB: daemon to balance interrupts for SMP systems...
         Starting Permit User Sessions...
         Starting LSB: Set the CPU Frequency Scaling governor to "ondemand"...
[[0;32m  OK  [0m] Started LSB: Set up cgroupfs mounts..
[[0;32m  OK  [0m] Started Authenticate and Authorize Users to Run Privileged Tasks.
[[0;32m  OK  [0m] Started Accounts Service.
[[0;32m  OK  [0m] Started Permit User Sessions.
[[0;32m  OK  [0m] Started LSB: Set the CPU Frequency Scaling governor to "ondemand".
         Starting Hold until boot process finishes up...
         Starting Terminate Plymouth Boot Screen...
[[0;32m  OK  [0m] Started Hold until boot process finishes up.
[[0;32m  OK  [0m] Started Terminate Plymouth Boot Screen.
[[0;32m  OK  [0m] Started Serial Getty on ttyS0.
         Starting Set console scheme...
[[0;32m  OK  [0m] Started Getty on tty1.
[[0;32m  OK  [0m] Reached target Login Prompts.
[[0;32m  OK  [0m] Started LSB: daemon to balance interrupts for SMP systems.
[[0;32m  OK  [0m] Started LSB: automatic crash report generation.
[[0;32m  OK  [0m] Started Set console scheme.
[[0;32m  OK  [0m] Started Virtualbox guest utils.
[[0;32m  OK  [0m] Started OpenBSD Secure Shell server.
[[0;32m  OK  [0m] Created slice User Slice of vagrant.
         Starting User Manager for UID 1000...
[[0;32m  OK  [0m] Started Session 1 of user vagrant.
[[0;32m  OK  [0m] Started Snappy daemon.
[[0;32m  OK  [0m] Started User Manager for UID 1000.
[[0;32m  OK  [0m] Started LXD - container startup/shutdown.

Ubuntu 16.04.4 LTS node2 ttyS0

node2 login: [   37.480707] cloud-init[1680]: Cloud-init v. 18.2 running 'modules:final' at Sun, 17 Jun 2018 07:37:27 +0000. Up 37.13 seconds.
[   37.482819] cloud-init[1680]: Cloud-init v. 18.2 finished at Sun, 17 Jun 2018 07:37:27 +0000. Datasource DataSourceNoCloud [seed=/dev/sdb][dsmode=net].  Up 37.46 seconds
         Stopping Session 3 of user vagrant.
[[0;32m  OK  [0m] Closed Load/Save RF Kill Switch Status /dev/rfkill Watch.
         Stopping ACPI event daemon...
         Stopping Authenticate and Authorize Users to Run Privileged Tasks...
[[0;32m  OK  [0m] Stopped target Graphical Interface.
         Stopping Accounts Service...
[[0;32m  OK  [0m] Stopped target Timers.
[[0;32m [[0;32m  OK  [0m] Stopped Apply the settings specified in cloud-config.
[[0;32m  OK  [0m] Stopped target Cloud-config availability.
         Stopping Virtualbox guest utils...
[[0;32m  OK  [0m] Stopped Daily apt download activities.
[[0;32m  OK  [0m] Stopped target System Time Synchronized.
[[0;32m  OK  [0m] Unmounted /var/lib/lxcfs.
[[0;32m  OK  [0m] Stopped Deferred execution scheduler.
[[0;32m  OK  [0m] Stopped Accounts Service.
[[0;32m  OK  [0m] Stopped System Logging Service.
[[0;32m  OK  [0m] Stopped Regular background program processing daemon.
[[0;32m  OK  [0m] Stopped ACPI event daemon.
[[0;32m  OK  [0m] Stopped OpenBSD Secure Shell server.
[[0;32m  OK  [0m] Stopped Snappy daemon.
[[0;32m  OK  [0m] Stopped Authenticate and Authorize Users to Run Privileged Tasks.
[[0;32m  OK  [0m] Stopped Serial Getty on ttyS0.
[[0;32m  OK  [0m] Stopped Getty on tty1.
[[0;32m  OK  [0m] Stopped User Manager for UID 1000.
[[0;32m  OK  [0m] Stopped LSB: Set up cgroupfs mounts..
[[0;32m  OK  [0m] Stopped Session 3 of user vagrant.
[[0;32m  OK  [0m] Stopped D-Bus System Message Bus.
[[0;32m  OK  [0m] Stopped LSB: MD monitoring daemon.
[[0;32m  OK  [0m] Stopped LSB: daemon to balance interrupts for SMP systems.
[[0;32m  OK  [0m] Stopped LSB: Set the CPU Frequency Scaling governor to "ondemand".
[[0;32m  OK  [0m] Stopped FUSE filesystem for LXC.
[[0;32m  OK  [0m] Stopped LSB: Record successful boot for GRUB.
[[0;32m  OK  [0m] Stopped Virtualbox guest utils.
[[0;32m  OK  [0m] Stopped LXD - container startup/shutdown.
[[0;32m  OK  [0m] Removed slice User Slice of vagrant.
         Stopping Login Service...
[[0;32m  OK  [0m] Removed slice system-getty.slice.
[[0;32m  OK  [0m] Stopped /etc/rc.local Compatibility.
[[0;32m  OK  [0m] Removed slice system-serial\x2dgetty.slice.
         Stopping Permit User Sessions...
[[0;32m  OK  [0m] Stopped LSB: automatic crash report generation.
[[0;32m  OK  [0m] Stopped Unattended Upgrades Shutdown.
[[0;32m  OK  [0m] Stopped Permit User Sessions.
[[0;32m  OK  [0m] Stopped target Remote File Systems.
[[0;32m  OK  [0m] Stopped target Remote File Systems (Pre).
         Stopping Login to default iSCSI targets...
[[0;32m  OK  [0m] Stopped Login Service.
[[0;32m  OK  [0m] Stopped target User and Group Name Lookups.
[[0;32m  OK  [0m] Stopped Login to default iSCSI targets.
         Stopping iSCSI initiator daemon (iscsid)...
[[0;32m  OK  [0m] Stopped iSCSI initiator daemon (iscsid).
[[0;32m  OK  [0m] Unmounted /run/docker/netns/3490b59c604e.
[[0;32m  OK  [0m] Unmounted /var/lib/docker/container...2488e35dc908e09c5a1a/mounts/shm.
[[0;32m  OK  [0m] Unmounted /var/lib/docker/overlay2/...bb29979cef0397b28ab86119/merged.
[[0;32m  OK  [0m] Unmounted /run/docker/netns/ace1404c77fe.
[[0;32m  OK  [0m] Unmounted /var/lib/docker/container...9dca342e73b3d7645a08/mounts/shm.
[[0;32m  OK  [0m] Unmounted /var/lib/docker/overlay2/...393d5d1028b81df1ea828e17/merged.
[[0;32m  OK  [0m] Unmounted /run/docker/netns/16998241cbe2.
[[0;32m  OK  [0m] Unmounted /var/lib/docker/container...7053cc180d773d484648/mounts/shm.
[[0;32m  OK  [0m] Unmounted /var/lib/docker/overlay2/...64b7b0b0c80ff247b808eccf/merged.
[[0;32m  OK  [0m] Unmounted /run/docker/netns/bfdf0ddd2c0c.
[[0;32m  OK  [0m] Unmounted /var/lib/docker/container...55ecbed5abce0b3edbb6/mounts/shm.
[[0;32m  OK  [0m] Unmounted /var/lib/docker/overlay2/...1d26ddfc22f69f5453fcc904/merged.
[[0;32m  OK  [0m] Unmounted /run/docker/netns/0d33a5c1b71f.
[[0;32m  OK  [0m] Unmounted /var/lib/docker/container...cd094fe71bfad091016e/mounts/shm.
[[0;32m  OK  [0m] Unmounted /var/lib/docker/overlay2/...70ab5b0f51e7a85e548c9514/merged.
[[0;32m  OK  [0m] Unmounted /run/docker/netns/a14795d22af5.
[[0;32m  OK  [0m] Unmounted /var/lib/docker/container...620eea9a11424dd58663/mounts/shm.
[[0;32m  OK  [0m] Unmounted /var/lib/docker/overlay2/...5b0bf8154541e778d1753111/merged.
[[0;32m  OK  [0m] Unmounted /run/docker/netns/8ea3664da108.
[[0;32m  OK  [0m] Unmounted /run/docker/netns/e35bdf4e9662.
[[0;32m  OK  [0m] Unmounted /var/lib/docker/container...bca005e99ed8918d934c/mounts/shm.
[[0;32m  OK  [0m] Unmounted /var/lib/docker/overlay2/...cff941ff04a60bc39a8d6c04/merged.
[[0;32m  OK  [0m] Unmounted /var/lib/docker/container...07a29bb635e10ff62fb1/mounts/shm.
[[0;32m  OK  [0m] Unmounted /var/lib/docker/overlay2/...2de7d485a6ca95b44410525d/merged.
[[0;32m  OK  [0m] Unmounted /run/docker/netns/572da2d9dcb4.
[[0;32m  OK  [0m] Unmounted /run/docker/netns/8d9c374a5e7c.
[[0;32m  OK  [0m] Unmounted /var/lib/docker/container...8f272beea280e47970d3/mounts/shm.
[[0;32m  OK  [0m] Unmounted /var/lib/docker/container...b4c6d9f4d62989bcbb57/mounts/shm.
[[0;32m  OK  [0m] Unmounted /var/lib/docker/overlay2/...94b623ebef4b94c511cf7aa9/merged.
[[0;32m  OK  [0m] Unmounted /var/lib/docker/overlay2/...dc36a4cff5f69636d4ae90a2/merged.
[[0;32m  OK  [0m] Unmounted /run/docker/netns/6e5387b45bc5.
[[0;32m  OK  [0m] Unmounted /var/lib/docker/container...9927c1d74f8de83f984d/mounts/shm.
[[0;32m  OK  [0m] Unmounted /var/lib/docker/overlay2/...cc1f2d8cc07f2d8c42c15cbe/merged.
[[0;32m  OK  [0m] Unmounted /run/docker/netns/1-5h6sfd0gcx.
[[0;32m  OK  [0m] Unmounted /run/docker/netns/ingress_sbox.
[[0;32m  OK  [0m] Stopped Docker Application Container Engine.
[[0;32m  OK  [0m] Stopped target Basic System.
[[0;32m  OK  [0m] Stopped target Sockets.
[[0;32m  OK  [0m] Closed Socket activation for snappy daemon.
[[0;32m  OK  [0m] Closed Syslog Socket.
[[0;32m  OK  [0m] Closed ACPID Listen Socket.
[[0;32m  OK  [0m] Closed UUID daemon activation socket.
[[0;32m  OK  [0m] Closed D-Bus System Message Bus Socket.
[[0;32m  OK  [0m] Closed LXD - unix socket.
[[0;32m  OK  [0m] Stopped target Slices.
[[0;32m  OK  [0m] Removed slice User and Session Slice.
[[0;32m  OK  [0m] Stopped target Paths.
[[0;32m  OK  [0m] Stopped Dispatch Password Requests to Console Directory Watch.
[[0;32m  OK  [0m] Stopped ACPI Events Check.
[[0;32m  OK  [0m] Stopped Forward Password Requests to Wall Directory Watch.
[[0;32m  OK  [0m] Stopped target Network is Online.
[[0;32m  OK  [0m] Stopped target Network.
[[0;32m  OK  [0m] Closed Docker Socket for the API.
[[0;32m  OK  [0m] Stopped target System Initialization.
[[0;32m  OK  [0m] Stopped target Encrypted Volumes.
[[0;32m  OK  [0m] Stopped Create Volatile Files and Directories.
         Stopping Load/Save Random Seed...
[[0;32m  OK  [0m] Stopped target Swap.
[[0;32m  OK  [0m] Stopped Initial cloud-init job (metadata service crawler).
         Stopping Raise network interfaces...
[[0;32m  OK  [0m] Stopped Load/Save Random Seed.
[[0;32m  OK  [0m] Stopped Raise network interfaces.
[[0;32m  OK  [0m] Stopped target Network (Pre).
[[0;32m  OK  [0m] Stopped Initial cloud-init job (pre-networking).
[[0;32m  OK  [0m] Stopped target Local File Systems.
         Unmounting /vagrant...
         Unmounting /run/user/1000...
[[0;32m  OK  [0m] Stopped Apply Kernel Variables.
[[0;32m  OK  [0m] Stopped Load Kernel Modules.
[[0;32m  OK  [0m] Unmounted /vagrant.
[[0;32m  OK  [0m] Unmounted /run/user/1000.
[[0;32m  OK  [0m] Reached target Unmount All Filesystems.
[[0;32m  OK  [0m] Stopped target Local File Systems (Pre).
[[0;32m  OK  [0m] Stopped Create Static Device Nodes in /dev.
         Stopping Monitoring of LVM2 mirrors... dmeventd or progress polling...
[[0;32m  OK  [0m] Stopped Remount Root and Kernel File Systems.
[[0;32m  OK  [0m] Reached target Shutdown.
[ 6916.787739] reboot: Power down
